{"C:\\Users\\mycom\\Desktop\\software-engineering-excellence-course\\assignment-1\\src\\parsers\\jsonParser.ts": {"path":"C:\\Users\\mycom\\Desktop\\software-engineering-excellence-course\\assignment-1\\src\\parsers\\jsonParser.ts","statementMap":{"0":{"start":{"line":10,"column":0},"end":{"line":10,"column":22}},"1":{"start":{"line":1,"column":0},"end":{"line":1,"column":34}},"2":{"start":{"line":2,"column":0},"end":{"line":2,"column":29}},"3":{"start":{"line":11,"column":2},"end":{"line":13,"column":3}},"4":{"start":{"line":12,"column":4},"end":{"line":12,"column":56}},"5":{"start":{"line":15,"column":23},"end":{"line":15,"column":45}},"6":{"start":{"line":18,"column":2},"end":{"line":22,"column":3}},"7":{"start":{"line":19,"column":4},"end":{"line":19,"column":55}},"8":{"start":{"line":21,"column":4},"end":{"line":21,"column":66}},"9":{"start":{"line":24,"column":2},"end":{"line":26,"column":3}},"10":{"start":{"line":25,"column":4},"end":{"line":25,"column":42}},"11":{"start":{"line":28,"column":51},"end":{"line":28,"column":60}},"12":{"start":{"line":29,"column":2},"end":{"line":33,"column":3}},"13":{"start":{"line":30,"column":4},"end":{"line":30,"column":33}},"14":{"start":{"line":32,"column":4},"end":{"line":32,"column":43}},"15":{"start":{"line":35,"column":2},"end":{"line":37,"column":3}},"16":{"start":{"line":36,"column":4},"end":{"line":36,"column":65}},"17":{"start":{"line":39,"column":23},"end":{"line":39,"column":67}},"18":{"start":{"line":40,"column":24},"end":{"line":40,"column":82}},"19":{"start":{"line":42,"column":2},"end":{"line":44,"column":3}},"20":{"start":{"line":43,"column":4},"end":{"line":43,"column":45}},"21":{"start":{"line":46,"column":25},"end":{"line":46,"column":66}},"22":{"start":{"line":47,"column":2},"end":{"line":54,"column":3}},"23":{"start":{"line":47,"column":15},"end":{"line":47,"column":16}},"24":{"start":{"line":48,"column":16},"end":{"line":48,"column":33}},"25":{"start":{"line":49,"column":4},"end":{"line":53,"column":5}},"26":{"start":{"line":50,"column":6},"end":{"line":52,"column":7}},"27":{"start":{"line":51,"column":8},"end":{"line":51,"column":86}},"28":{"start":{"line":56,"column":2},"end":{"line":56,"column":16}}},"fnMap":{"0":{"name":"parseJson","decl":{"start":{"line":10,"column":22},"end":{"line":10,"column":31}},"loc":{"start":{"line":10,"column":48},"end":{"line":57,"column":null}}}},"branchMap":{"0":{"loc":{"start":{"line":11,"column":2},"end":{"line":13,"column":3}},"type":"if","locations":[{"start":{"line":11,"column":2},"end":{"line":13,"column":3}}]},"1":{"loc":{"start":{"line":24,"column":2},"end":{"line":26,"column":3}},"type":"if","locations":[{"start":{"line":24,"column":2},"end":{"line":26,"column":3}}]},"2":{"loc":{"start":{"line":35,"column":2},"end":{"line":37,"column":3}},"type":"if","locations":[{"start":{"line":35,"column":2},"end":{"line":37,"column":3}}]},"3":{"loc":{"start":{"line":35,"column":6},"end":{"line":35,"column":51}},"type":"binary-expr","locations":[{"start":{"line":35,"column":6},"end":{"line":35,"column":32}},{"start":{"line":35,"column":36},"end":{"line":35,"column":51}}]},"4":{"loc":{"start":{"line":39,"column":23},"end":{"line":39,"column":67}},"type":"binary-expr","locations":[{"start":{"line":39,"column":23},"end":{"line":39,"column":44}},{"start":{"line":39,"column":48},"end":{"line":39,"column":67}}]},"5":{"loc":{"start":{"line":40,"column":24},"end":{"line":40,"column":82}},"type":"binary-expr","locations":[{"start":{"line":40,"column":24},"end":{"line":40,"column":46}},{"start":{"line":40,"column":50},"end":{"line":40,"column":82}}]},"6":{"loc":{"start":{"line":42,"column":2},"end":{"line":44,"column":3}},"type":"if","locations":[{"start":{"line":42,"column":2},"end":{"line":44,"column":3}}]},"7":{"loc":{"start":{"line":42,"column":6},"end":{"line":42,"column":35}},"type":"binary-expr","locations":[{"start":{"line":42,"column":6},"end":{"line":42,"column":18}},{"start":{"line":42,"column":22},"end":{"line":42,"column":35}}]},"8":{"loc":{"start":{"line":46,"column":25},"end":{"line":46,"column":66}},"type":"cond-expr","locations":[{"start":{"line":46,"column":49},"end":{"line":46,"column":55}},{"start":{"line":46,"column":58},"end":{"line":46,"column":66}}]},"9":{"loc":{"start":{"line":50,"column":6},"end":{"line":52,"column":7}},"type":"if","locations":[{"start":{"line":50,"column":6},"end":{"line":52,"column":7}}]},"10":{"loc":{"start":{"line":50,"column":10},"end":{"line":50,"column":72}},"type":"binary-expr","locations":[{"start":{"line":50,"column":10},"end":{"line":50,"column":25}},{"start":{"line":50,"column":29},"end":{"line":50,"column":46}},{"start":{"line":50,"column":50},"end":{"line":50,"column":72}}]}},"s":{"0":1,"1":1,"2":1,"3":9,"4":1,"5":8,"6":8,"7":8,"8":0,"9":8,"10":1,"11":7,"12":7,"13":7,"14":1,"15":6,"16":1,"17":5,"18":5,"19":5,"20":2,"21":3,"22":3,"23":3,"24":5,"25":5,"26":7,"27":1,"28":2},"f":{"0":9},"b":{"0":[1],"1":[1],"2":[1],"3":[6,5],"4":[5,3],"5":[5,2],"6":[2],"7":[5,4],"8":[2,1],"9":[1],"10":[7,6,6]}}
,"C:\\Users\\mycom\\Desktop\\software-engineering-excellence-course\\assignment-1\\src\\parsers\\xmlParser.ts": {"path":"C:\\Users\\mycom\\Desktop\\software-engineering-excellence-course\\assignment-1\\src\\parsers\\xmlParser.ts","statementMap":{"0":{"start":{"line":11,"column":0},"end":{"line":11,"column":22}},"1":{"start":{"line":1,"column":0},"end":{"line":1,"column":34}},"2":{"start":{"line":2,"column":0},"end":{"line":2,"column":29}},"3":{"start":{"line":3,"column":0},"end":{"line":3,"column":44}},"4":{"start":{"line":12,"column":2},"end":{"line":14,"column":3}},"5":{"start":{"line":13,"column":4},"end":{"line":13,"column":55}},"6":{"start":{"line":16,"column":23},"end":{"line":16,"column":45}},"7":{"start":{"line":19,"column":2},"end":{"line":23,"column":3}},"8":{"start":{"line":20,"column":4},"end":{"line":20,"column":55}},"9":{"start":{"line":22,"column":4},"end":{"line":22,"column":66}},"10":{"start":{"line":25,"column":2},"end":{"line":27,"column":3}},"11":{"start":{"line":26,"column":4},"end":{"line":26,"column":41}},"12":{"start":{"line":30,"column":2},"end":{"line":34,"column":3}},"13":{"start":{"line":31,"column":4},"end":{"line":31,"column":73}},"14":{"start":{"line":33,"column":4},"end":{"line":33,"column":42}},"15":{"start":{"line":36,"column":2},"end":{"line":38,"column":3}},"16":{"start":{"line":37,"column":4},"end":{"line":37,"column":61}},"17":{"start":{"line":40,"column":22},"end":{"line":50,"column":3}},"18":{"start":{"line":41,"column":4},"end":{"line":49,"column":5}},"19":{"start":{"line":42,"column":20},"end":{"line":42,"column":28}},"20":{"start":{"line":43,"column":22},"end":{"line":43,"column":63}},"21":{"start":{"line":44,"column":6},"end":{"line":48,"column":7}},"22":{"start":{"line":45,"column":8},"end":{"line":45,"column":64}},"23":{"start":{"line":46,"column":13},"end":{"line":48,"column":7}},"24":{"start":{"line":47,"column":8},"end":{"line":47,"column":36}},"25":{"start":{"line":52,"column":2},"end":{"line":52,"column":22}},"26":{"start":{"line":54,"column":2},"end":{"line":54,"column":16}}},"fnMap":{"0":{"name":"parseXml","decl":{"start":{"line":11,"column":22},"end":{"line":11,"column":30}},"loc":{"start":{"line":11,"column":47},"end":{"line":55,"column":null}}},"1":{"name":"(anonymous_18)","decl":{"start":{"line":40,"column":22},"end":{"line":40,"column":23}},"loc":{"start":{"line":40,"column":52},"end":{"line":50,"column":3}}}},"branchMap":{"0":{"loc":{"start":{"line":12,"column":2},"end":{"line":14,"column":3}},"type":"if","locations":[{"start":{"line":12,"column":2},"end":{"line":14,"column":3}}]},"1":{"loc":{"start":{"line":25,"column":2},"end":{"line":27,"column":3}},"type":"if","locations":[{"start":{"line":25,"column":2},"end":{"line":27,"column":3}}]},"2":{"loc":{"start":{"line":36,"column":2},"end":{"line":38,"column":3}},"type":"if","locations":[{"start":{"line":36,"column":2},"end":{"line":38,"column":3}}]},"3":{"loc":{"start":{"line":36,"column":6},"end":{"line":36,"column":79}},"type":"binary-expr","locations":[{"start":{"line":36,"column":6},"end":{"line":36,"column":13}},{"start":{"line":36,"column":17},"end":{"line":36,"column":43}},{"start":{"line":36,"column":47},"end":{"line":36,"column":79}}]},"4":{"loc":{"start":{"line":40,"column":33},"end":{"line":40,"column":48}},"type":"default-arg","locations":[{"start":{"line":40,"column":46},"end":{"line":40,"column":48}}]},"5":{"loc":{"start":{"line":43,"column":22},"end":{"line":43,"column":63}},"type":"cond-expr","locations":[{"start":{"line":43,"column":35},"end":{"line":43,"column":57}},{"start":{"line":43,"column":60},"end":{"line":43,"column":63}}]},"6":{"loc":{"start":{"line":44,"column":6},"end":{"line":48,"column":7}},"type":"if","locations":[{"start":{"line":44,"column":6},"end":{"line":48,"column":7}},{"start":{"line":46,"column":13},"end":{"line":48,"column":7}}]},"7":{"loc":{"start":{"line":44,"column":10},"end":{"line":44,"column":63}},"type":"binary-expr","locations":[{"start":{"line":44,"column":10},"end":{"line":44,"column":22}},{"start":{"line":44,"column":26},"end":{"line":44,"column":40}},{"start":{"line":44,"column":44},"end":{"line":44,"column":63}}]},"8":{"loc":{"start":{"line":46,"column":13},"end":{"line":48,"column":7}},"type":"if","locations":[{"start":{"line":46,"column":13},"end":{"line":48,"column":7}}]}},"s":{"0":1,"1":1,"2":1,"3":1,"4":6,"5":1,"6":5,"7":5,"8":5,"9":0,"10":5,"11":1,"12":4,"13":4,"14":1,"15":3,"16":0,"17":3,"18":7,"19":9,"20":9,"21":9,"22":1,"23":8,"24":4,"25":3,"26":2},"f":{"0":6,"1":7},"b":{"0":[1],"1":[1],"2":[0],"3":[3,3,3],"4":[3],"5":[6,3],"6":[1,8],"7":[9,8,8],"8":[4]}}
}
