TN:
SF:src\parsers\jsonParser.ts
FN:10,parseJson
FNF:1
FNH:1
FNDA:9,parseJson
DA:1,1
DA:2,1
DA:10,1
DA:11,9
DA:12,1
DA:15,8
DA:18,8
DA:19,8
DA:21,0
DA:24,8
DA:25,1
DA:28,7
DA:29,7
DA:30,7
DA:32,1
DA:35,6
DA:36,1
DA:39,5
DA:40,5
DA:42,5
DA:43,2
DA:46,3
DA:47,3
DA:48,5
DA:49,5
DA:50,7
DA:51,1
DA:56,2
LF:28
LH:27
BRDA:11,0,0,1
BRDA:24,1,0,1
BRDA:35,2,0,1
BRDA:35,3,0,6
BRDA:35,3,1,5
BRDA:39,4,0,5
BRDA:39,4,1,3
BRDA:40,5,0,5
BRDA:40,5,1,2
BRDA:42,6,0,2
BRDA:42,7,0,5
BRDA:42,7,1,4
BRDA:46,8,0,2
BRDA:46,8,1,1
BRDA:50,9,0,1
BRDA:50,10,0,7
BRDA:50,10,1,6
BRDA:50,10,2,6
BRF:18
BRH:18
end_of_record
TN:
SF:src\parsers\xmlParser.ts
FN:11,parseXml
FN:40,(anonymous_18)
FNF:2
FNH:2
FNDA:6,parseXml
FNDA:7,(anonymous_18)
DA:1,1
DA:2,1
DA:3,1
DA:11,1
DA:12,6
DA:13,1
DA:16,5
DA:19,5
DA:20,5
DA:22,0
DA:25,5
DA:26,1
DA:30,4
DA:31,4
DA:33,1
DA:36,3
DA:37,0
DA:40,3
DA:41,7
DA:42,9
DA:43,9
DA:44,9
DA:45,1
DA:46,8
DA:47,4
DA:52,3
DA:54,2
LF:27
LH:25
BRDA:12,0,0,1
BRDA:25,1,0,1
BRDA:36,2,0,0
BRDA:36,3,0,3
BRDA:36,3,1,3
BRDA:36,3,2,3
BRDA:40,4,0,3
BRDA:43,5,0,6
BRDA:43,5,1,3
BRDA:44,6,0,1
BRDA:44,6,1,8
BRDA:44,7,0,9
BRDA:44,7,1,8
BRDA:44,7,2,8
BRDA:46,8,0,4
BRF:15
BRH:14
end_of_record
